Build started 1/5/2022 4:20:53 PM.
     1>Project "C:\Users\OYINLOLA SALIM O\Desktop\cpp-prog-ms-vs\Sixth_January\Sixth_January\Sixth_January.vcxproj" on node 2 (build target(s)).
     1>InitializeBuildStatus:
         Creating "Debug\Sixth_January.unsuccessfulbuild" because "AlwaysCreate" was specified.
       ClCompile:
         C:\Program Files (x86)\Microsoft Visual Studio 10.0\VC\bin\CL.exe /c /ZI /nologo /W3 /WX- /Od /Oy- /D WIN32 /D _DEBUG /D _CONSOLE /D _UNICODE /D UNICODE /Gm /EHsc /RTC1 /MDd /GS /fp:precise /Zc:wchar_t /Zc:forScope /Fo"Debug\\" /Fd"Debug\vc100.pdb" /Gd /TP /analyze- /errorReport:prompt main.cpp
         main.cpp
       ManifestResourceCompile:
         All outputs are up-to-date.
       Link:
         C:\Program Files (x86)\Microsoft Visual Studio 10.0\VC\bin\link.exe /ERRORREPORT:PROMPT /OUT:"C:\Users\OYINLOLA SALIM O\Desktop\cpp-prog-ms-vs\Sixth_January\Debug\Sixth_January.exe" /INCREMENTAL /NOLOGO kernel32.lib user32.lib gdi32.lib winspool.lib comdlg32.lib advapi32.lib shell32.lib ole32.lib oleaut32.lib uuid.lib odbc32.lib odbccp32.lib /MANIFEST /ManifestFile:"Debug\Sixth_January.exe.intermediate.manifest" /MANIFESTUAC:"level='asInvoker' uiAccess='false'" /DEBUG /PDB:"C:\Users\OYINLOLA SALIM O\Desktop\cpp-prog-ms-vs\Sixth_January\Debug\Sixth_January.pdb" /SUBSYSTEM:CONSOLE /TLBID:1 /DYNAMICBASE /NXCOMPAT /IMPLIB:"C:\Users\OYINLOLA SALIM O\Desktop\cpp-prog-ms-vs\Sixth_January\Debug\Sixth_January.lib" /MACHINE:X86 Debug\Sixth_January.exe.embed.manifest.res
         Debug\main.obj
       Manifest:
         C:\Program Files (x86)\Microsoft SDKs\Windows\v7.0A\bin\mt.exe /nologo /verbose /out:"Debug\Sixth_January.exe.embed.manifest" /manifest Debug\Sixth_January.exe.intermediate.manifest
         All outputs are up-to-date.
       LinkEmbedManifest:
         All outputs are up-to-date.
         Sixth_January.vcxproj -> C:\Users\OYINLOLA SALIM O\Desktop\cpp-prog-ms-vs\Sixth_January\Debug\Sixth_January.exe
       FinalizeBuildStatus:
         Deleting file "Debug\Sixth_January.unsuccessfulbuild".
         Touching "Debug\Sixth_January.lastbuildstate".
     1>Done Building Project "C:\Users\OYINLOLA SALIM O\Desktop\cpp-prog-ms-vs\Sixth_January\Sixth_January\Sixth_January.vcxproj" (build target(s)).

Build succeeded.

Time Elapsed 00:00:02.79
